<?xml version="1.0" encoding="UTF-8" ?>
<testsuite failures="0" time="0.029" errors="2" skipped="0" tests="2" name="stock.com.simple.stock.market.SimpleStockMarketApplicationTest">
  <properties>
[...]
</properties>
  <testcase time="0.016" classname="stock.com.simple.stock.market.SimpleStockMarketApplicationTest" name="testSimpleStockMarketApplicationFailure">
    <error message="Unresolved compilation problems: 
	The import org.apache cannot be resolved
	Logger cannot be resolved to a type
	Logger cannot be resolved
	Logger cannot be resolved to a type
	Logger cannot be resolved to a type
	Logger cannot be resolved to a type
	Logger cannot be resolved to a type
	Logger cannot be resolved to a type
	Logger cannot be resolved to a type
	Logger cannot be resolved to a type
	Logger cannot be resolved to a type
	Logger cannot be resolved to a type
	Logger cannot be resolved to a type
	Logger cannot be resolved to a type
" type="java.lang.Error">java.lang.Error: Unresolved compilation problems: 
	The import org.apache cannot be resolved
	Logger cannot be resolved to a type
	Logger cannot be resolved
	Logger cannot be resolved to a type
	Logger cannot be resolved to a type
	Logger cannot be resolved to a type
	Logger cannot be resolved to a type
	Logger cannot be resolved to a type
	Logger cannot be resolved to a type
	Logger cannot be resolved to a type
	Logger cannot be resolved to a type
	Logger cannot be resolved to a type
	Logger cannot be resolved to a type
	Logger cannot be resolved to a type

	at stock.com.simple.stock.market.SimpleStockMarketApplication.&lt;init&gt;(SimpleStockMarketApplication.java:9)
	at stock.com.simple.stock.market.SimpleStockMarketApplicationTest.testSimpleStockMarketApplicationFailure(SimpleStockMarketApplicationTest.java:39)
</error>
  </testcase>
  <testcase time="0" classname="stock.com.simple.stock.market.SimpleStockMarketApplicationTest" name="testSimpleStockMarketApplicationPass">
    <error message="Unresolved compilation problems: 
	The import org.apache cannot be resolved
	Logger cannot be resolved to a type
	Logger cannot be resolved
	Logger cannot be resolved to a type
	Logger cannot be resolved to a type
	Logger cannot be resolved to a type
	Logger cannot be resolved to a type
	Logger cannot be resolved to a type
	Logger cannot be resolved to a type
	Logger cannot be resolved to a type
	Logger cannot be resolved to a type
	Logger cannot be resolved to a type
	Logger cannot be resolved to a type
	Logger cannot be resolved to a type
" type="java.lang.Error">java.lang.Error: Unresolved compilation problems: 
	The import org.apache cannot be resolved
	Logger cannot be resolved to a type
	Logger cannot be resolved
	Logger cannot be resolved to a type
	Logger cannot be resolved to a type
	Logger cannot be resolved to a type
	Logger cannot be resolved to a type
	Logger cannot be resolved to a type
	Logger cannot be resolved to a type
	Logger cannot be resolved to a type
	Logger cannot be resolved to a type
	Logger cannot be resolved to a type
	Logger cannot be resolved to a type
	Logger cannot be resolved to a type

	at stock.com.simple.stock.market.SimpleStockMarketApplication.&lt;init&gt;(SimpleStockMarketApplication.java:9)
	at stock.com.simple.stock.market.SimpleStockMarketApplicationTest.testSimpleStockMarketApplicationPass(SimpleStockMarketApplicationTest.java:52)
</error>
  </testcase>
</testsuite>